<?xml version="1.0" encoding="UTF-8"?>
<!-- Generated by org.testng.reporters.JUnitReportReporter -->
<testsuite skipped="0" hostname="ARPGL001447" name="com.selenium.DockerTest" tests="4" failures="0" timestamp="2021-06-18T15:30:37 IST" time="44.336" errors="0">
  <testcase name="dockerTest" time="18.721" classname="com.selenium.DockerTest"/>
  <system-out/>
  <testcase name="dockerTest" time="7.814" classname="com.selenium.DockerTest"/>
  <system-out/>
  <testcase name="dockerTest" time="7.821" classname="com.selenium.DockerTest"/>
  <system-out/>
  <testcase name="dockerTest" time="9.980" classname="com.selenium.DockerTest"/>
  <system-out/>
</testsuite> <!-- com.selenium.DockerTest -->
