<?xml version="1.0" encoding="UTF-8"?>
<!-- Generated by org.testng.reporters.JUnitReportReporter -->
<testsuite skipped="0" hostname="ARPGL001447" name="com.selenium.Report" tests="1" failures="0" timestamp="2021-05-30T20:45:06 IST" time="3.488" errors="0">
  <testcase name="attachLogo" time="3.488" classname="com.selenium.Report"/>
  <system-out/>
</testsuite> <!-- com.selenium.Report -->
