<?xml version="1.0" encoding="UTF-8"?>
<!-- Generated by org.testng.reporters.JUnitReportReporter -->
<testsuite skipped="0" hostname="ARPGL001447" name="com.selenium.Report" tests="1" failures="0" timestamp="2021-05-26T15:37:04 IST" time="185.011" errors="0">
  <testcase name="attachLogo" time="185.011" classname="com.selenium.Report"/>
  <system-out/>
</testsuite> <!-- com.selenium.Report -->
