<?xml version="1.0" encoding="UTF-8"?>
<!-- Generated by org.testng.reporters.JUnitReportReporter -->
<testsuite skipped="0" hostname="ARPGL001447" name="com.selenium.HomePageTest" tests="2" failures="0" timestamp="2021-01-10T11:52:19 IST" time="33.701" errors="0">
  <testcase name="testHomepageTest" time="17.542" classname="com.selenium.HomePageTest"/>
  <system-out/>
  <testcase name="testHomepage" time="16.159" classname="com.selenium.HomePageTest"/>
  <system-out/>
</testsuite> <!-- com.selenium.HomePageTest -->
