<?xml version="1.0" encoding="UTF-8"?>
<!-- Generated by org.testng.reporters.JUnitReportReporter -->
<testsuite skipped="0" hostname="ARPGL001447" name="com.selenium.LoginPageTest" tests="1" failures="0" timestamp="2021-01-01T16:31:33 IST" time="10.365" errors="0">
  <testcase name="openBrowser" time="10.365" classname="com.selenium.LoginPageTest"/>
  <system-out/>
</testsuite> <!-- com.selenium.LoginPageTest -->
