<?xml version="1.0" encoding="UTF-8"?>
<!-- Generated by org.testng.reporters.JUnitReportReporter -->
<testsuite skipped="0" hostname="ARPGL001447" name="com.selenium.HomePageTest" tests="2" failures="0" timestamp="2021-01-04T18:49:52 IST" time="35.997" errors="0">
  <testcase name="testHomepage" time="19.359" classname="com.selenium.HomePageTest"/>
  <system-out/>
  <testcase name="testHomepageTest" time="16.638" classname="com.selenium.HomePageTest"/>
  <system-out/>
</testsuite> <!-- com.selenium.HomePageTest -->
