<?xml version="1.0" encoding="UTF-8"?>
<!-- Generated by org.testng.reporters.JUnitReportReporter -->
<testsuite skipped="0" hostname="ARPGL001447" name="com.selenium.OranegHrmTest" tests="1" failures="0" timestamp="2021-01-29T20:56:47 IST" time="19.019" errors="0">
  <testcase name="loginlogouttest" time="19.019" classname="com.selenium.OranegHrmTest"/>
  <system-out/>
</testsuite> <!-- com.selenium.OranegHrmTest -->
