<?xml version="1.0" encoding="UTF-8"?>
<!-- Generated by org.testng.reporters.JUnitReportReporter -->
<testsuite skipped="0" hostname="ARPGL001447" name="com.selenium.AdminConsolePageTest" tests="2" failures="0" timestamp="2021-06-11T15:32:42 IST" time="149.454" errors="0">
  <testcase name="verifyNewUser" time="69.271" classname="com.selenium.AdminConsolePageTest"/>
  <system-out/>
  <testcase name="verifyNewUser" time="80.183" classname="com.selenium.AdminConsolePageTest"/>
  <system-out/>
</testsuite> <!-- com.selenium.AdminConsolePageTest -->
