<?xml version="1.0" encoding="UTF-8"?>
<!-- Generated by org.testng.reporters.JUnitReportReporter -->
<testsuite skipped="1" hostname="ARPGL001447" name="com.selenium.AdminConsolePageTest" tests="1" failures="0" timestamp="2021-07-01T17:16:25 IST" time="0.000" errors="0">
  <testcase name="verifyNewUser" time="0.000" classname="com.selenium.AdminConsolePageTest">
    <skipped/>
  </testcase> <!-- verifyNewUser -->
  <system-out/>
</testsuite> <!-- com.selenium.AdminConsolePageTest -->
