<?xml version="1.0" encoding="UTF-8"?>
<!-- Generated by org.testng.reporters.JUnitReportReporter -->
<testsuite skipped="0" hostname="ARPGL001447" name="com.selenium.LoginPageTest" tests="2" failures="0" timestamp="2021-01-04T14:21:46 IST" time="19.550" errors="0">
  <testcase name="testBrowser" time="10.827" classname="com.selenium.LoginPageTest"/>
  <system-out/>
  <testcase name="openBrowser" time="8.723" classname="com.selenium.LoginPageTest"/>
  <system-out/>
</testsuite> <!-- com.selenium.LoginPageTest -->
