<?xml version="1.0" encoding="UTF-8"?>
<!-- Generated by org.testng.reporters.JUnitReportReporter -->
<testsuite skipped="0" hostname="ARPGL001447" name="com.selenium.DockerTest" tests="1" failures="0" timestamp="2021-06-30T17:57:49 IST" time="13.264" errors="0">
  <testcase name="dockerTest" time="13.264" classname="com.selenium.DockerTest"/>
  <system-out/>
</testsuite> <!-- com.selenium.DockerTest -->
