<?xml version="1.0" encoding="UTF-8"?>
<!-- Generated by org.testng.reporters.JUnitReportReporter -->
<testsuite skipped="0" hostname="ARPGL001447" name="com.selenium.OranegHrmTest" tests="1" failures="0" timestamp="2021-01-18T17:35:54 IST" time="16.927" errors="0">
  <testcase name="loginlogouttest" time="16.927" classname="com.selenium.OranegHrmTest"/>
  <system-out/>
</testsuite> <!-- com.selenium.OranegHrmTest -->
